G:\update_mt_tmp\192_url\all_mt_resource\25PP更新日志.txt
G:\update_mt_tmp\192_url\all_mt_resource\activitycharge\ChargeReward.xlsx
G:\update_mt_tmp\192_url\all_mt_resource\arena\IntegralExchange.xlsx
G:\update_mt_tmp\192_url\all_mt_resource\arena\IntegralRankReward.xlsx
G:\update_mt_tmp\192_url\all_mt_resource\arena\IntegralReward.xlsx
G:\update_mt_tmp\192_url\all_mt_resource\arena\VirtualMatchPlayer.xlsx
G:\update_mt_tmp\192_url\all_mt_resource\artifact\ArtifactLevelSetting.xlsx
G:\update_mt_tmp\192_url\all_mt_resource\artifact\BeeEffGeeLevelSetting.xlsx
G:\update_mt_tmp\192_url\all_mt_resource\artifact\RankRewardConfig.xlsx
G:\update_mt_tmp\192_url\all_mt_resource\artifact\SoulstonePackageSetting.xlsx
G:\update_mt_tmp\192_url\all_mt_resource\artifact\StoneExchangePackage.xlsx
G:\update_mt_tmp\192_url\all_mt_resource\automail\AutomailConfig.xlsx
G:\update_mt_tmp\192_url\all_mt_resource\backflow\BackFlowSetting.xlsx
G:\update_mt_tmp\192_url\all_mt_resource\backflow\LoginStageSetting.xlsx
G:\update_mt_tmp\192_url\all_mt_resource\battle\ActiveBattleConfig.xlsx
G:\update_mt_tmp\192_url\all_mt_resource\battle\ActivityList.xlsx
G:\update_mt_tmp\192_url\all_mt_resource\battle\BattleInfoConfig.xlsx
G:\update_mt_tmp\192_url\all_mt_resource\battle\BattlePointConfig.xlsx
G:\update_mt_tmp\192_url\all_mt_resource\battle\CampaignConfig.xlsx
G:\update_mt_tmp\192_url\all_mt_resource\battle\FailedRewardConfig.xlsx
G:\update_mt_tmp\192_url\all_mt_resource\blessing\RewardRank.xlsx
G:\update_mt_tmp\192_url\all_mt_resource\box\BoxCostSetting.xlsx
G:\update_mt_tmp\192_url\all_mt_resource\box\BoxSetting.xlsx
G:\update_mt_tmp\192_url\all_mt_resource\box\KeysGetSetting.xlsx
G:\update_mt_tmp\192_url\all_mt_resource\box\OpenTimesSetting.xlsx
G:\update_mt_tmp\192_url\all_mt_resource\charge\ChargeExtras.xlsx
G:\update_mt_tmp\192_url\all_mt_resource\charge\ChargeGoods.xlsx
G:\update_mt_tmp\192_url\all_mt_resource\charge\GMoneyArticle.xlsx
G:\update_mt_tmp\192_url\all_mt_resource\charge\GMoneyCharge.xlsx
G:\update_mt_tmp\192_url\all_mt_resource\charge\OperatorConfig.xlsx
G:\update_mt_tmp\192_url\all_mt_resource\charge\TencentChargeReward.xlsx
G:\update_mt_tmp\192_url\all_mt_resource\chargerank\ChargeScore.xlsx
G:\update_mt_tmp\192_url\all_mt_resource\chargerank\ChargeScoreRank.xlsx
G:\update_mt_tmp\192_url\all_mt_resource\chargerank\~$ChargeScoreRank.xlsx
G:\update_mt_tmp\192_url\all_mt_resource\chargereturn\DateReturn.xlsx
G:\update_mt_tmp\192_url\all_mt_resource\chat\ChannelConfig.xlsx
G:\update_mt_tmp\192_url\all_mt_resource\chat\ChatConfig.xlsx
G:\update_mt_tmp\192_url\all_mt_resource\chat\Post.xlsx
G:\update_mt_tmp\192_url\all_mt_resource\cheapbuy\CheapBuySetting.xlsx
G:\update_mt_tmp\192_url\all_mt_resource\common\Charge2Times.xlsx
G:\update_mt_tmp\192_url\all_mt_resource\common\ConfigValue.xlsx
G:\update_mt_tmp\192_url\all_mt_resource\common\Formula.xlsx
G:\update_mt_tmp\192_url\all_mt_resource\common\Guide.xlsx
G:\update_mt_tmp\192_url\all_mt_resource\common\LanguageSetting.xlsx
G:\update_mt_tmp\192_url\all_mt_resource\common\Lock.xlsx
G:\update_mt_tmp\192_url\all_mt_resource\common\RandName.xlsx
G:\update_mt_tmp\192_url\all_mt_resource\common\Reason.xlsx
G:\update_mt_tmp\192_url\all_mt_resource\common\RegisterForbidden.xlsx
G:\update_mt_tmp\192_url\all_mt_resource\common\RunningLogger.xlsx
G:\update_mt_tmp\192_url\all_mt_resource\common\SqlQuery.xlsx
G:\update_mt_tmp\192_url\all_mt_resource\common\~$ConfigValue.xlsx
G:\update_mt_tmp\192_url\all_mt_resource\consumerank\ScoreRankReward.xlsx
G:\update_mt_tmp\192_url\all_mt_resource\consumerank\ScoreReward.xlsx
G:\update_mt_tmp\192_url\all_mt_resource\consumerank\~$ScoreReward.xlsx
G:\update_mt_tmp\192_url\all_mt_resource\cultivate\CultivateState.xlsx
G:\update_mt_tmp\192_url\all_mt_resource\cultivate\ElixirMaterial.xlsx
G:\update_mt_tmp\192_url\all_mt_resource\cultivate\ElixirSetting.xlsx
G:\update_mt_tmp\192_url\all_mt_resource\cultivate\HeroCrossing.xlsx
G:\update_mt_tmp\192_url\all_mt_resource\cultivate\HeroMaxState.xlsx
G:\update_mt_tmp\192_url\all_mt_resource\cultivate\UnitTypeElixir.xlsx
G:\update_mt_tmp\192_url\all_mt_resource\cultivate\VirtualCultivatePlayer.xlsx
G:\update_mt_tmp\192_url\all_mt_resource\cultivateshop\AutoRefShopSetting.xlsx
G:\update_mt_tmp\192_url\all_mt_resource\cultivateshop\CostRefShopSetting.xlsx
G:\update_mt_tmp\192_url\all_mt_resource\cultivateshop\ShopItemSetting.xlsx
G:\update_mt_tmp\192_url\all_mt_resource\cultivateshop\ShopSetting.xlsx
G:\update_mt_tmp\192_url\all_mt_resource\demog\DamageRankReward.xlsx
G:\update_mt_tmp\192_url\all_mt_resource\demog\DemogActiveConfig.xlsx
G:\update_mt_tmp\192_url\all_mt_resource\demog\DemogBattleConfig.xlsx
G:\update_mt_tmp\192_url\all_mt_resource\demog\FeatRankReward.xlsx
G:\update_mt_tmp\192_url\all_mt_resource\demog\FeatReward.xlsx
G:\update_mt_tmp\192_url\all_mt_resource\demog\FragmentExchange.xlsx
G:\update_mt_tmp\192_url\all_mt_resource\demog\PraiseRankReward.xlsx
G:\update_mt_tmp\192_url\all_mt_resource\demog\RedCardComposeConfig.xlsx
G:\update_mt_tmp\192_url\all_mt_resource\deposit\CapitalConfig.xlsx
G:\update_mt_tmp\192_url\all_mt_resource\deposit\DepositRateConfig.xlsx
G:\update_mt_tmp\192_url\all_mt_resource\drama\DramaConfig.xlsx
G:\update_mt_tmp\192_url\all_mt_resource\drama\DramaContent.xlsx
G:\update_mt_tmp\192_url\all_mt_resource\dumpling\DumplingGetSetting.xlsx
G:\update_mt_tmp\192_url\all_mt_resource\dumpling\DumplingSetting.xlsx
G:\update_mt_tmp\192_url\all_mt_resource\egg\HammerGetSetting.xlsx
G:\update_mt_tmp\192_url\all_mt_resource\egg\SmashReward.xlsx
G:\update_mt_tmp\192_url\all_mt_resource\egg\SmashSetting.xlsx
G:\update_mt_tmp\192_url\all_mt_resource\egg\SmashTimesSetting.xlsx
G:\update_mt_tmp\192_url\all_mt_resource\egg\TodayTimesSetting.xlsx
G:\update_mt_tmp\192_url\all_mt_resource\elite\ElitePointConfig.xlsx
G:\update_mt_tmp\192_url\all_mt_resource\email\MailConfig.xlsx
G:\update_mt_tmp\192_url\all_mt_resource\email\MailTemplate.xlsx
G:\update_mt_tmp\192_url\all_mt_resource\emblem\AchieveConfig.xlsx
G:\update_mt_tmp\192_url\all_mt_resource\emblem\ChapterAchieveConfig.xlsx
G:\update_mt_tmp\192_url\all_mt_resource\equip\BaseEquip.xlsx
G:\update_mt_tmp\192_url\all_mt_resource\equip\EquipBuff.xlsx
G:\update_mt_tmp\192_url\all_mt_resource\equip\MaterialSetting.xlsx
G:\update_mt_tmp\192_url\all_mt_resource\equip\PackExtendCost.xlsx
G:\update_mt_tmp\192_url\all_mt_resource\equipgift\ActivityGoods.xlsx
G:\update_mt_tmp\192_url\all_mt_resource\equipgift\GiftGoods.xlsx
G:\update_mt_tmp\192_url\all_mt_resource\exchange\ExchangeDataReset.xlsx
G:\update_mt_tmp\192_url\all_mt_resource\exchange\ExchangeSetting.xlsx
G:\update_mt_tmp\192_url\all_mt_resource\exchange\~$ExchangeSetting.xlsx
G:\update_mt_tmp\192_url\all_mt_resource\exchangeshop\AutoRefExchange.xlsx
G:\update_mt_tmp\192_url\all_mt_resource\exchangeshop\CostRefExchange.xlsx
G:\update_mt_tmp\192_url\all_mt_resource\exchangeshop\ExchangeRefCost.xlsx
G:\update_mt_tmp\192_url\all_mt_resource\exchangeshop\ExchRewardCost.xlsx
G:\update_mt_tmp\192_url\all_mt_resource\explore\ExploreVirtualCard.xlsx
G:\update_mt_tmp\192_url\all_mt_resource\explore\NPCLevelConfig.xlsx
G:\update_mt_tmp\192_url\all_mt_resource\explore\TaskExceTimeConfig.xlsx
G:\update_mt_tmp\192_url\all_mt_resource\explore\TaskPlace.xlsx
G:\update_mt_tmp\192_url\all_mt_resource\explore\TaskPointCDConfig.xlsx
G:\update_mt_tmp\192_url\all_mt_resource\explore\TaskRewardConfig.xlsx
G:\update_mt_tmp\192_url\all_mt_resource\explore\TaskStarConfig.xlsx
G:\update_mt_tmp\192_url\all_mt_resource\explore\TaskSuccessConfig.xlsx
G:\update_mt_tmp\192_url\all_mt_resource\explore\TaskSuccessItemConfig.xlsx
G:\update_mt_tmp\192_url\all_mt_resource\explore\TaskSuccessRateConfig.xlsx
G:\update_mt_tmp\192_url\all_mt_resource\fakegroupbuy\GroupSetting.xlsx
G:\update_mt_tmp\192_url\all_mt_resource\fight\AurasSetting.xlsx
G:\update_mt_tmp\192_url\all_mt_resource\fight\BuffConfig.xlsx
G:\update_mt_tmp\192_url\all_mt_resource\fight\BuffEffect.xlsx
G:\update_mt_tmp\192_url\all_mt_resource\fight\CombSetting.xlsx
G:\update_mt_tmp\192_url\all_mt_resource\fight\ConditionConfig.xlsx
G:\update_mt_tmp\192_url\all_mt_resource\fight\EnemyFighter.xlsx
G:\update_mt_tmp\192_url\all_mt_resource\fight\EnemyFighterClient.xlsx
G:\update_mt_tmp\192_url\all_mt_resource\fight\EnemyUnit.xlsx
G:\update_mt_tmp\192_url\all_mt_resource\fight\EnemyUnitClient.xlsx
G:\update_mt_tmp\192_url\all_mt_resource\fight\PassiveConfig.xlsx
G:\update_mt_tmp\192_url\all_mt_resource\fight\RestraintSetting.xlsx
G:\update_mt_tmp\192_url\all_mt_resource\fight\SkillConfig.xlsx
G:\update_mt_tmp\192_url\all_mt_resource\fight\SkillEffectConfig.xlsx
G:\update_mt_tmp\192_url\all_mt_resource\fight\TargetConfig.xlsx
G:\update_mt_tmp\192_url\all_mt_resource\fight\TargetPassiveSetting.xlsx
G:\update_mt_tmp\192_url\all_mt_resource\foolsday\FlopCostSetting.xlsx
G:\update_mt_tmp\192_url\all_mt_resource\foolsday\FlopResetSetting.xlsx
G:\update_mt_tmp\192_url\all_mt_resource\foolsday\FlopRewardSetting.xlsx
G:\update_mt_tmp\192_url\all_mt_resource\foolsday\FoolsdayShow.xlsx
G:\update_mt_tmp\192_url\all_mt_resource\football\BallReward.xlsx
G:\update_mt_tmp\192_url\all_mt_resource\football\FootballPoints.xlsx
G:\update_mt_tmp\192_url\all_mt_resource\football\PointPosition.xlsx
G:\update_mt_tmp\192_url\all_mt_resource\gemroom\GemRewardCost.xlsx
G:\update_mt_tmp\192_url\all_mt_resource\gemroom\RefreshGem.xlsx
G:\update_mt_tmp\192_url\all_mt_resource\gift\ActivityConfig.xlsx
G:\update_mt_tmp\192_url\all_mt_resource\gift\ActivityGiftConfig.xlsx
G:\update_mt_tmp\192_url\all_mt_resource\gift\ArtifactUpgradeActivity.xlsx
G:\update_mt_tmp\192_url\all_mt_resource\gift\ChargeTurnSetting.xlsx
G:\update_mt_tmp\192_url\all_mt_resource\gift\GlobalGiftConfig.xlsx
G:\update_mt_tmp\192_url\all_mt_resource\gift\HeroRankUpActivity.xlsx
G:\update_mt_tmp\192_url\all_mt_resource\gift\MergeGiftConfig.xlsx
G:\update_mt_tmp\192_url\all_mt_resource\godreward\GodFeatSetting.xlsx
G:\update_mt_tmp\192_url\all_mt_resource\godreward\GodTaskLevelSetting.xlsx
G:\update_mt_tmp\192_url\all_mt_resource\godreward\GodTaskSetting.xlsx
G:\update_mt_tmp\192_url\all_mt_resource\groupbuy\GroupbuyRewardSetting.xlsx
G:\update_mt_tmp\192_url\all_mt_resource\hero\BaseHero.xlsx
G:\update_mt_tmp\192_url\all_mt_resource\hero\HeroLevelConfig.xlsx
G:\update_mt_tmp\192_url\all_mt_resource\hero\IdSkillReplace.xlsx
G:\update_mt_tmp\192_url\all_mt_resource\hero\RedCardExchange.xlsx
G:\update_mt_tmp\192_url\all_mt_resource\hero\RoleSkin.xlsx
G:\update_mt_tmp\192_url\all_mt_resource\invite\InvitedRewardConfig.xlsx
G:\update_mt_tmp\192_url\all_mt_resource\invite\InviteRewardConfig.xlsx
G:\update_mt_tmp\192_url\all_mt_resource\item\BoxConfig.xlsx
G:\update_mt_tmp\192_url\all_mt_resource\item\ComposeConfig.xlsx
G:\update_mt_tmp\192_url\all_mt_resource\item\ItemConfig.xlsx
G:\update_mt_tmp\192_url\all_mt_resource\item\KeyConfig.xlsx
G:\update_mt_tmp\192_url\all_mt_resource\item\SwapCardSetting.xlsx
G:\update_mt_tmp\192_url\all_mt_resource\juhuasuan\JuGoods.xlsx
G:\update_mt_tmp\192_url\all_mt_resource\mall\Mall.xlsx
G:\update_mt_tmp\192_url\all_mt_resource\menpai\CountrySetting.xlsx
G:\update_mt_tmp\192_url\all_mt_resource\menpai\DemogConfig.xlsx
G:\update_mt_tmp\192_url\all_mt_resource\menpai\GoodsSetting.xlsx
G:\update_mt_tmp\192_url\all_mt_resource\menpai\JobAuthSetting.xlsx
G:\update_mt_tmp\192_url\all_mt_resource\menpai\MenpaiLevelConfig.xlsx
G:\update_mt_tmp\192_url\all_mt_resource\monopoly\GoodsType.xlsx
G:\update_mt_tmp\192_url\all_mt_resource\monopoly\MonopolyGoods.xlsx
G:\update_mt_tmp\192_url\all_mt_resource\monopoly\MonopolyShow.xlsx
G:\update_mt_tmp\192_url\all_mt_resource\monopoly\MonopolyTask.xlsx
G:\update_mt_tmp\192_url\all_mt_resource\monopoly\PositionValueType.xlsx
G:\update_mt_tmp\192_url\all_mt_resource\monopoly\RewardPostId.xlsx
G:\update_mt_tmp\192_url\all_mt_resource\monopoly\RingBox.xlsx
G:\update_mt_tmp\192_url\all_mt_resource\monopoly\RingSetting.xlsx
G:\update_mt_tmp\192_url\all_mt_resource\moon\MoonExSetting.xlsx
G:\update_mt_tmp\192_url\all_mt_resource\moon\MoonGetSetting.xlsx
G:\update_mt_tmp\192_url\all_mt_resource\newmonopoly\MoBuffIcon.xlsx
G:\update_mt_tmp\192_url\all_mt_resource\newmonopoly\MoGoodsItemSetting.xlsx
G:\update_mt_tmp\192_url\all_mt_resource\newmonopoly\MoGoodsTypeSetting.xlsx
G:\update_mt_tmp\192_url\all_mt_resource\newmonopoly\MoRingsSetting.xlsx
G:\update_mt_tmp\192_url\all_mt_resource\newmonopoly\MoRouteSetting.xlsx
G:\update_mt_tmp\192_url\all_mt_resource\newmonopoly\MoShow.xlsx
G:\update_mt_tmp\192_url\all_mt_resource\newmonopoly\MoTaskSetting.xlsx
G:\update_mt_tmp\192_url\all_mt_resource\newmonopoly\PositionBuffSetting.xlsx
G:\update_mt_tmp\192_url\all_mt_resource\newmonopoly\PositionPointSetting.xlsx
G:\update_mt_tmp\192_url\all_mt_resource\newmonopoly\RingsBoxRewardSetting.xlsx
G:\update_mt_tmp\192_url\all_mt_resource\platform\IShareSetting.xlsx
G:\update_mt_tmp\192_url\all_mt_resource\platform\WechatRoulette.xlsx
G:\update_mt_tmp\192_url\all_mt_resource\player\ConsumeRankReward.xlsx
G:\update_mt_tmp\192_url\all_mt_resource\player\DailyCheckConfig.xlsx
G:\update_mt_tmp\192_url\all_mt_resource\player\EquipLottery.xlsx
G:\update_mt_tmp\192_url\all_mt_resource\player\FirstDailyCheckConfig.xlsx
G:\update_mt_tmp\192_url\all_mt_resource\player\LevelConfig.xlsx
G:\update_mt_tmp\192_url\all_mt_resource\player\LotteryConfig.xlsx
G:\update_mt_tmp\192_url\all_mt_resource\player\OpenBetaGoodsConfig.xlsx
G:\update_mt_tmp\192_url\all_mt_resource\player\RouletteLotteryConfig.xlsx
G:\update_mt_tmp\192_url\all_mt_resource\player\RPActivityLottery.xlsx
G:\update_mt_tmp\192_url\all_mt_resource\player\TokenCoinConfig.xlsx
G:\update_mt_tmp\192_url\all_mt_resource\preciousroom\PrAutoRef.xlsx
G:\update_mt_tmp\192_url\all_mt_resource\preciousroom\PrCostRef.xlsx
G:\update_mt_tmp\192_url\all_mt_resource\preciousroom\PreciousShow.xlsx
G:\update_mt_tmp\192_url\all_mt_resource\preciousroom\PrRefCost.xlsx
G:\update_mt_tmp\192_url\all_mt_resource\preciousroom\PrRewardCost.xlsx
G:\update_mt_tmp\192_url\all_mt_resource\push\PushConfig.xlsx
G:\update_mt_tmp\192_url\all_mt_resource\pvp\DefyRewardConfig.xlsx
G:\update_mt_tmp\192_url\all_mt_resource\pvp\MatchViewConfig.xlsx
G:\update_mt_tmp\192_url\all_mt_resource\pvp\PVPBuff.xlsx
G:\update_mt_tmp\192_url\all_mt_resource\pvp\RankRewardConfig.xlsx
G:\update_mt_tmp\192_url\all_mt_resource\pvp\VirtualPvpPlayer.xlsx
G:\update_mt_tmp\192_url\all_mt_resource\qingming\QingmingPond.xlsx
G:\update_mt_tmp\192_url\all_mt_resource\qingming\QingmingRank.xlsx
G:\update_mt_tmp\192_url\all_mt_resource\qingming\QingmingReward.xlsx
G:\update_mt_tmp\192_url\all_mt_resource\raffle\PositionReward.xlsx
G:\update_mt_tmp\192_url\all_mt_resource\raffle\PositionWeight.xlsx
G:\update_mt_tmp\192_url\all_mt_resource\raffle\RaffleCost.xlsx
G:\update_mt_tmp\192_url\all_mt_resource\raffle\RaffleRewards.xlsx
G:\update_mt_tmp\192_url\all_mt_resource\raffle\RaffleShow.xlsx
G:\update_mt_tmp\192_url\all_mt_resource\raffle\ResetPosition.xlsx
G:\update_mt_tmp\192_url\all_mt_resource\raffle\ResetSetting.xlsx
G:\update_mt_tmp\192_url\all_mt_resource\rebirth\RebirthActivePath.xlsx
G:\update_mt_tmp\192_url\all_mt_resource\rebirth\RebirthPointConfig.xlsx
G:\update_mt_tmp\192_url\all_mt_resource\recycle\RecyclePool.xlsx
G:\update_mt_tmp\192_url\all_mt_resource\recycle\RecycleSetting.xlsx
G:\update_mt_tmp\192_url\all_mt_resource\reward\RealRewardLimit.xlsx
G:\update_mt_tmp\192_url\all_mt_resource\reward\RewardConfig.xlsx
G:\update_mt_tmp\192_url\all_mt_resource\reward\RewardGlobalLimit.xlsx
G:\update_mt_tmp\192_url\all_mt_resource\reward\SeedConfig.xlsx
G:\update_mt_tmp\192_url\all_mt_resource\secretshop\AutoRefSecret.xlsx
G:\update_mt_tmp\192_url\all_mt_resource\secretshop\CostRefSecret.xlsx
G:\update_mt_tmp\192_url\all_mt_resource\secretshop\RewardCost.xlsx
G:\update_mt_tmp\192_url\all_mt_resource\secretshop\SecretRefCost.xlsx
G:\update_mt_tmp\192_url\all_mt_resource\SkillEffect\BattleShowConfig.xlsx
G:\update_mt_tmp\192_url\all_mt_resource\SkillEffect\BuffConduct.xlsx
G:\update_mt_tmp\192_url\all_mt_resource\SkillEffect\Conduct.xlsx
G:\update_mt_tmp\192_url\all_mt_resource\SkillEffect\EffectConfig.xlsx
G:\update_mt_tmp\192_url\all_mt_resource\SkillEffect\EffectDesc.xlsx
G:\update_mt_tmp\192_url\all_mt_resource\SkillEffect\PassiveConduct.xlsx
G:\update_mt_tmp\192_url\all_mt_resource\slot\PositionTimesReward.xlsx
G:\update_mt_tmp\192_url\all_mt_resource\slot\SlotReward.xlsx
G:\update_mt_tmp\192_url\all_mt_resource\slot\TimesPositionWeight.xlsx
G:\update_mt_tmp\192_url\all_mt_resource\supergift\SuperGoods.xlsx
G:\update_mt_tmp\192_url\all_mt_resource\sweethouse\AutoRefHouseSetting.xlsx
G:\update_mt_tmp\192_url\all_mt_resource\sweethouse\CostRefHouseSetting.xlsx
G:\update_mt_tmp\192_url\all_mt_resource\sweethouse\SweetHouseItemSetting.xlsx
G:\update_mt_tmp\192_url\all_mt_resource\sweethouse\SweetObtainSetting.xlsx
G:\update_mt_tmp\192_url\all_mt_resource\talisman\BuyPackCostSetting.xlsx
G:\update_mt_tmp\192_url\all_mt_resource\talisman\EquipLockSetting.xlsx
G:\update_mt_tmp\192_url\all_mt_resource\talisman\FragmentExSetting.xlsx
G:\update_mt_tmp\192_url\all_mt_resource\talisman\TalismanActivity.xlsx
G:\update_mt_tmp\192_url\all_mt_resource\talisman\TalismanActivityGoal.xlsx
G:\update_mt_tmp\192_url\all_mt_resource\talisman\TalismanLevelSetting.xlsx
G:\update_mt_tmp\192_url\all_mt_resource\talisman\TalismanSetting.xlsx
G:\update_mt_tmp\192_url\all_mt_resource\talisman\TaSearchRankConfig.xlsx
G:\update_mt_tmp\192_url\all_mt_resource\talisman\TaSearchRankTreasure.xlsx
G:\update_mt_tmp\192_url\all_mt_resource\target\ConsumeIntegralExchange.xlsx
G:\update_mt_tmp\192_url\all_mt_resource\task\BuyReTimesCost.xlsx
G:\update_mt_tmp\192_url\all_mt_resource\task\ComTimesCost.xlsx
G:\update_mt_tmp\192_url\all_mt_resource\task\PickUpLevelSetting.xlsx
G:\update_mt_tmp\192_url\all_mt_resource\task\TaskSetting.xlsx
G:\update_mt_tmp\192_url\all_mt_resource\test\HeroEnemy.xlsx
G:\update_mt_tmp\192_url\all_mt_resource\test\HeroFighter.xlsx
G:\update_mt_tmp\192_url\all_mt_resource\timerecord\TimeType.xlsx
G:\update_mt_tmp\192_url\all_mt_resource\tips\TipsConfig.xlsx
G:\update_mt_tmp\192_url\all_mt_resource\tips\TipsEvent.xlsx
G:\update_mt_tmp\192_url\all_mt_resource\treasure\RankConfig.xlsx
G:\update_mt_tmp\192_url\all_mt_resource\treasure\RankTreasure.xlsx
G:\update_mt_tmp\192_url\all_mt_resource\treasureroom\AutoRefSetting.xlsx
G:\update_mt_tmp\192_url\all_mt_resource\treasureroom\CostRefSetting.xlsx
G:\update_mt_tmp\192_url\all_mt_resource\treasureroom\CostSetting.xlsx
G:\update_mt_tmp\192_url\all_mt_resource\treasureroom\FixedRefSetting.xlsx
G:\update_mt_tmp\192_url\all_mt_resource\treasureroom\RewCostSetting.xlsx
G:\update_mt_tmp\192_url\all_mt_resource\treasureroom\TreasureShow.xlsx
G:\update_mt_tmp\192_url\all_mt_resource\turkey\TurkeyGetSetting.xlsx
G:\update_mt_tmp\192_url\all_mt_resource\turkey\TurkeyMaterial.xlsx
G:\update_mt_tmp\192_url\all_mt_resource\turkey\TurkeyMustOut.xlsx
复制了 276 个文件
svn:  警告: W150002: “F:\mtservion\mt_all\all_mt_resource\25PP更新日志.txt”已纳入版本控制
svn:  警告: W150002: “F:\mtservion\mt_all\all_mt_resource\activitycharge”已纳入版本控制
svn:  警告: W150002: “F:\mtservion\mt_all\all_mt_resource\arena”已纳入版本控制
svn:  警告: W150002: “F:\mtservion\mt_all\all_mt_resource\artifact”已纳入版本控制
svn:  警告: W150002: “F:\mtservion\mt_all\all_mt_resource\automail”已纳入版本控制
svn:  警告: W150002: “F:\mtservion\mt_all\all_mt_resource\backflow”已纳入版本控制
svn:  警告: W150002: “F:\mtservion\mt_all\all_mt_resource\battle”已纳入版本控制
svn:  警告: W150002: “F:\mtservion\mt_all\all_mt_resource\blessing”已纳入版本控制
svn:  警告: W150002: “F:\mtservion\mt_all\all_mt_resource\box”已纳入版本控制
svn:  警告: W150002: “F:\mtservion\mt_all\all_mt_resource\charge”已纳入版本控制
svn:  警告: W150002: “F:\mtservion\mt_all\all_mt_resource\chargerank”已纳入版本控制
svn:  警告: W150002: “F:\mtservion\mt_all\all_mt_resource\chargereturn”已纳入版本控制
svn:  警告: W150002: “F:\mtservion\mt_all\all_mt_resource\chat”已纳入版本控制
svn:  警告: W150002: “F:\mtservion\mt_all\all_mt_resource\cheapbuy”已纳入版本控制
svn:  警告: W150002: “F:\mtservion\mt_all\all_mt_resource\common”已纳入版本控制
svn:  警告: W150002: “F:\mtservion\mt_all\all_mt_resource\consumerank”已纳入版本控制
svn:  警告: W150002: “F:\mtservion\mt_all\all_mt_resource\cultivate”已纳入版本控制
svn:  警告: W150002: “F:\mtservion\mt_all\all_mt_resource\cultivateshop”已纳入版本控制
svn:  警告: W150002: “F:\mtservion\mt_all\all_mt_resource\demog”已纳入版本控制
svn:  警告: W150002: “F:\mtservion\mt_all\all_mt_resource\deposit”已纳入版本控制
svn:  警告: W150002: “F:\mtservion\mt_all\all_mt_resource\drama”已纳入版本控制
svn:  警告: W150002: “F:\mtservion\mt_all\all_mt_resource\dumpling”已纳入版本控制
svn:  警告: W150002: “F:\mtservion\mt_all\all_mt_resource\egg”已纳入版本控制
svn:  警告: W150002: “F:\mtservion\mt_all\all_mt_resource\elite”已纳入版本控制
svn:  警告: W150002: “F:\mtservion\mt_all\all_mt_resource\email”已纳入版本控制
svn:  警告: W150002: “F:\mtservion\mt_all\all_mt_resource\emblem”已纳入版本控制
svn:  警告: W150002: “F:\mtservion\mt_all\all_mt_resource\equip”已纳入版本控制
svn:  警告: W150002: “F:\mtservion\mt_all\all_mt_resource\equipgift”已纳入版本控制
svn:  警告: W150002: “F:\mtservion\mt_all\all_mt_resource\exchange”已纳入版本控制
svn:  警告: W150002: “F:\mtservion\mt_all\all_mt_resource\exchangeshop”已纳入版本控制
svn:  警告: W150002: “F:\mtservion\mt_all\all_mt_resource\explore”已纳入版本控制
svn:  警告: W150002: “F:\mtservion\mt_all\all_mt_resource\fakegroupbuy”已纳入版本控制
svn:  警告: W150002: “F:\mtservion\mt_all\all_mt_resource\fight”已纳入版本控制
svn:  警告: W150002: “F:\mtservion\mt_all\all_mt_resource\foolsday”已纳入版本控制
svn:  警告: W150002: “F:\mtservion\mt_all\all_mt_resource\football”已纳入版本控制
svn:  警告: W150002: “F:\mtservion\mt_all\all_mt_resource\gemroom”已纳入版本控制
svn:  警告: W150002: “F:\mtservion\mt_all\all_mt_resource\gift”已纳入版本控制
svn:  警告: W150002: “F:\mtservion\mt_all\all_mt_resource\godreward”已纳入版本控制
svn:  警告: W150002: “F:\mtservion\mt_all\all_mt_resource\groupbuy”已纳入版本控制
svn:  警告: W150002: “F:\mtservion\mt_all\all_mt_resource\hero”已纳入版本控制
svn:  警告: W150002: “F:\mtservion\mt_all\all_mt_resource\invite”已纳入版本控制
svn:  警告: W150002: “F:\mtservion\mt_all\all_mt_resource\item”已纳入版本控制
svn:  警告: W150002: “F:\mtservion\mt_all\all_mt_resource\juhuasuan”已纳入版本控制
svn:  警告: W150002: “F:\mtservion\mt_all\all_mt_resource\mall”已纳入版本控制
svn:  警告: W150002: “F:\mtservion\mt_all\all_mt_resource\menpai”已纳入版本控制
svn:  警告: W150002: “F:\mtservion\mt_all\all_mt_resource\monopoly”已纳入版本控制
svn:  警告: W150002: “F:\mtservion\mt_all\all_mt_resource\moon”已纳入版本控制
svn:  警告: W150002: “F:\mtservion\mt_all\all_mt_resource\newmonopoly”已纳入版本控制
svn:  警告: W150002: “F:\mtservion\mt_all\all_mt_resource\platform”已纳入版本控制
svn:  警告: W150002: “F:\mtservion\mt_all\all_mt_resource\player”已纳入版本控制
svn:  警告: W150002: “F:\mtservion\mt_all\all_mt_resource\preciousroom”已纳入版本控制
svn:  警告: W150002: “F:\mtservion\mt_all\all_mt_resource\push”已纳入版本控制
svn:  警告: W150002: “F:\mtservion\mt_all\all_mt_resource\pvp”已纳入版本控制
svn:  警告: W150002: “F:\mtservion\mt_all\all_mt_resource\qingming”已纳入版本控制
svn:  警告: W150002: “F:\mtservion\mt_all\all_mt_resource\raffle”已纳入版本控制
svn:  警告: W150002: “F:\mtservion\mt_all\all_mt_resource\rebirth”已纳入版本控制
svn:  警告: W150002: “F:\mtservion\mt_all\all_mt_resource\recycle”已纳入版本控制
svn:  警告: W150002: “F:\mtservion\mt_all\all_mt_resource\reward”已纳入版本控制
svn:  警告: W150002: “F:\mtservion\mt_all\all_mt_resource\secretshop”已纳入版本控制
svn:  警告: W150002: “F:\mtservion\mt_all\all_mt_resource\SkillEffect”已纳入版本控制
svn:  警告: W150002: “F:\mtservion\mt_all\all_mt_resource\slot”已纳入版本控制
svn:  警告: W150002: “F:\mtservion\mt_all\all_mt_resource\supergift”已纳入版本控制
svn:  警告: W150002: “F:\mtservion\mt_all\all_mt_resource\sweethouse”已纳入版本控制
svn:  警告: W150002: “F:\mtservion\mt_all\all_mt_resource\talisman”已纳入版本控制
svn:  警告: W150002: “F:\mtservion\mt_all\all_mt_resource\target”已纳入版本控制
svn:  警告: W150002: “F:\mtservion\mt_all\all_mt_resource\task”已纳入版本控制
svn:  警告: W150002: “F:\mtservion\mt_all\all_mt_resource\test”已纳入版本控制
svn:  警告: W150002: “F:\mtservion\mt_all\all_mt_resource\timerecord”已纳入版本控制
svn:  警告: W150002: “F:\mtservion\mt_all\all_mt_resource\tips”已纳入版本控制
svn:  警告: W150002: “F:\mtservion\mt_all\all_mt_resource\treasure”已纳入版本控制
svn:  警告: W150002: “F:\mtservion\mt_all\all_mt_resource\treasureroom”已纳入版本控制
svn:  警告: W150002: “F:\mtservion\mt_all\all_mt_resource\turkey”已纳入版本控制
svn: E200009: 因为一些目标已经版本化，所以不能增加全部目标
svn: E200009: 此请求操作的目标非法
G:\update_mt_tmp\192_url\all_mt_resource\25PP更新日志.txt
G:\update_mt_tmp\192_url\all_mt_resource\activitycharge\ChargeReward.xlsx
G:\update_mt_tmp\192_url\all_mt_resource\arena\IntegralExchange.xlsx
G:\update_mt_tmp\192_url\all_mt_resource\arena\IntegralRankReward.xlsx
G:\update_mt_tmp\192_url\all_mt_resource\arena\IntegralReward.xlsx
G:\update_mt_tmp\192_url\all_mt_resource\arena\VirtualMatchPlayer.xlsx
G:\update_mt_tmp\192_url\all_mt_resource\artifact\ArtifactLevelSetting.xlsx
G:\update_mt_tmp\192_url\all_mt_resource\artifact\BeeEffGeeLevelSetting.xlsx
G:\update_mt_tmp\192_url\all_mt_resource\artifact\RankRewardConfig.xlsx
G:\update_mt_tmp\192_url\all_mt_resource\artifact\SoulstonePackageSetting.xlsx
G:\update_mt_tmp\192_url\all_mt_resource\artifact\StoneExchangePackage.xlsx
G:\update_mt_tmp\192_url\all_mt_resource\automail\AutomailConfig.xlsx
G:\update_mt_tmp\192_url\all_mt_resource\backflow\BackFlowSetting.xlsx
G:\update_mt_tmp\192_url\all_mt_resource\backflow\LoginStageSetting.xlsx
G:\update_mt_tmp\192_url\all_mt_resource\battle\ActiveBattleConfig.xlsx
G:\update_mt_tmp\192_url\all_mt_resource\battle\ActivityList.xlsx
G:\update_mt_tmp\192_url\all_mt_resource\battle\BattleInfoConfig.xlsx
G:\update_mt_tmp\192_url\all_mt_resource\battle\BattlePointConfig.xlsx
G:\update_mt_tmp\192_url\all_mt_resource\battle\CampaignConfig.xlsx
G:\update_mt_tmp\192_url\all_mt_resource\battle\FailedRewardConfig.xlsx
G:\update_mt_tmp\192_url\all_mt_resource\blessing\RewardRank.xlsx
G:\update_mt_tmp\192_url\all_mt_resource\box\BoxCostSetting.xlsx
G:\update_mt_tmp\192_url\all_mt_resource\box\BoxSetting.xlsx
G:\update_mt_tmp\192_url\all_mt_resource\box\KeysGetSetting.xlsx
G:\update_mt_tmp\192_url\all_mt_resource\box\OpenTimesSetting.xlsx
G:\update_mt_tmp\192_url\all_mt_resource\charge\ChargeExtras.xlsx
G:\update_mt_tmp\192_url\all_mt_resource\charge\ChargeGoods.xlsx
G:\update_mt_tmp\192_url\all_mt_resource\charge\GMoneyArticle.xlsx
G:\update_mt_tmp\192_url\all_mt_resource\charge\GMoneyCharge.xlsx
G:\update_mt_tmp\192_url\all_mt_resource\charge\OperatorConfig.xlsx
G:\update_mt_tmp\192_url\all_mt_resource\charge\TencentChargeReward.xlsx
G:\update_mt_tmp\192_url\all_mt_resource\chargerank\ChargeScore.xlsx
G:\update_mt_tmp\192_url\all_mt_resource\chargerank\ChargeScoreRank.xlsx
G:\update_mt_tmp\192_url\all_mt_resource\chargerank\~$ChargeScoreRank.xlsx
G:\update_mt_tmp\192_url\all_mt_resource\chargereturn\DateReturn.xlsx
G:\update_mt_tmp\192_url\all_mt_resource\chat\ChannelConfig.xlsx
G:\update_mt_tmp\192_url\all_mt_resource\chat\ChatConfig.xlsx
G:\update_mt_tmp\192_url\all_mt_resource\chat\Post.xlsx
G:\update_mt_tmp\192_url\all_mt_resource\cheapbuy\CheapBuySetting.xlsx
G:\update_mt_tmp\192_url\all_mt_resource\common\Charge2Times.xlsx
G:\update_mt_tmp\192_url\all_mt_resource\common\ConfigValue.xlsx
G:\update_mt_tmp\192_url\all_mt_resource\common\Formula.xlsx
G:\update_mt_tmp\192_url\all_mt_resource\common\Guide.xlsx
G:\update_mt_tmp\192_url\all_mt_resource\common\LanguageSetting.xlsx
G:\update_mt_tmp\192_url\all_mt_resource\common\Lock.xlsx
G:\update_mt_tmp\192_url\all_mt_resource\common\RandName.xlsx
G:\update_mt_tmp\192_url\all_mt_resource\common\Reason.xlsx
G:\update_mt_tmp\192_url\all_mt_resource\common\RegisterForbidden.xlsx
G:\update_mt_tmp\192_url\all_mt_resource\common\RunningLogger.xlsx
G:\update_mt_tmp\192_url\all_mt_resource\common\SqlQuery.xlsx
G:\update_mt_tmp\192_url\all_mt_resource\common\~$ConfigValue.xlsx
G:\update_mt_tmp\192_url\all_mt_resource\consumerank\ScoreRankReward.xlsx
G:\update_mt_tmp\192_url\all_mt_resource\consumerank\ScoreReward.xlsx
G:\update_mt_tmp\192_url\all_mt_resource\consumerank\~$ScoreReward.xlsx
G:\update_mt_tmp\192_url\all_mt_resource\cultivate\CultivateState.xlsx
G:\update_mt_tmp\192_url\all_mt_resource\cultivate\ElixirMaterial.xlsx
G:\update_mt_tmp\192_url\all_mt_resource\cultivate\ElixirSetting.xlsx
G:\update_mt_tmp\192_url\all_mt_resource\cultivate\HeroCrossing.xlsx
G:\update_mt_tmp\192_url\all_mt_resource\cultivate\HeroMaxState.xlsx
G:\update_mt_tmp\192_url\all_mt_resource\cultivate\UnitTypeElixir.xlsx
G:\update_mt_tmp\192_url\all_mt_resource\cultivate\VirtualCultivatePlayer.xlsx
G:\update_mt_tmp\192_url\all_mt_resource\cultivateshop\AutoRefShopSetting.xlsx
G:\update_mt_tmp\192_url\all_mt_resource\cultivateshop\CostRefShopSetting.xlsx
G:\update_mt_tmp\192_url\all_mt_resource\cultivateshop\ShopItemSetting.xlsx
G:\update_mt_tmp\192_url\all_mt_resource\cultivateshop\ShopSetting.xlsx
G:\update_mt_tmp\192_url\all_mt_resource\demog\DamageRankReward.xlsx
G:\update_mt_tmp\192_url\all_mt_resource\demog\DemogActiveConfig.xlsx
G:\update_mt_tmp\192_url\all_mt_resource\demog\DemogBattleConfig.xlsx
G:\update_mt_tmp\192_url\all_mt_resource\demog\FeatRankReward.xlsx
G:\update_mt_tmp\192_url\all_mt_resource\demog\FeatReward.xlsx
G:\update_mt_tmp\192_url\all_mt_resource\demog\FragmentExchange.xlsx
G:\update_mt_tmp\192_url\all_mt_resource\demog\PraiseRankReward.xlsx
G:\update_mt_tmp\192_url\all_mt_resource\demog\RedCardComposeConfig.xlsx
G:\update_mt_tmp\192_url\all_mt_resource\deposit\CapitalConfig.xlsx
G:\update_mt_tmp\192_url\all_mt_resource\deposit\DepositRateConfig.xlsx
G:\update_mt_tmp\192_url\all_mt_resource\drama\DramaConfig.xlsx
G:\update_mt_tmp\192_url\all_mt_resource\drama\DramaContent.xlsx
G:\update_mt_tmp\192_url\all_mt_resource\dumpling\DumplingGetSetting.xlsx
G:\update_mt_tmp\192_url\all_mt_resource\dumpling\DumplingSetting.xlsx
G:\update_mt_tmp\192_url\all_mt_resource\egg\HammerGetSetting.xlsx
G:\update_mt_tmp\192_url\all_mt_resource\egg\SmashReward.xlsx
G:\update_mt_tmp\192_url\all_mt_resource\egg\SmashSetting.xlsx
G:\update_mt_tmp\192_url\all_mt_resource\egg\SmashTimesSetting.xlsx
G:\update_mt_tmp\192_url\all_mt_resource\egg\TodayTimesSetting.xlsx
G:\update_mt_tmp\192_url\all_mt_resource\elite\ElitePointConfig.xlsx
G:\update_mt_tmp\192_url\all_mt_resource\email\MailConfig.xlsx
G:\update_mt_tmp\192_url\all_mt_resource\email\MailTemplate.xlsx
G:\update_mt_tmp\192_url\all_mt_resource\emblem\AchieveConfig.xlsx
G:\update_mt_tmp\192_url\all_mt_resource\emblem\ChapterAchieveConfig.xlsx
G:\update_mt_tmp\192_url\all_mt_resource\equip\BaseEquip.xlsx
G:\update_mt_tmp\192_url\all_mt_resource\equip\EquipBuff.xlsx
G:\update_mt_tmp\192_url\all_mt_resource\equip\MaterialSetting.xlsx
G:\update_mt_tmp\192_url\all_mt_resource\equip\PackExtendCost.xlsx
G:\update_mt_tmp\192_url\all_mt_resource\equipgift\ActivityGoods.xlsx
G:\update_mt_tmp\192_url\all_mt_resource\equipgift\GiftGoods.xlsx
G:\update_mt_tmp\192_url\all_mt_resource\exchange\ExchangeDataReset.xlsx
G:\update_mt_tmp\192_url\all_mt_resource\exchange\ExchangeSetting.xlsx
G:\update_mt_tmp\192_url\all_mt_resource\exchange\~$ExchangeSetting.xlsx
G:\update_mt_tmp\192_url\all_mt_resource\exchangeshop\AutoRefExchange.xlsx
G:\update_mt_tmp\192_url\all_mt_resource\exchangeshop\CostRefExchange.xlsx
G:\update_mt_tmp\192_url\all_mt_resource\exchangeshop\ExchangeRefCost.xlsx
G:\update_mt_tmp\192_url\all_mt_resource\exchangeshop\ExchRewardCost.xlsx
G:\update_mt_tmp\192_url\all_mt_resource\explore\ExploreVirtualCard.xlsx
G:\update_mt_tmp\192_url\all_mt_resource\explore\NPCLevelConfig.xlsx
G:\update_mt_tmp\192_url\all_mt_resource\explore\TaskExceTimeConfig.xlsx
G:\update_mt_tmp\192_url\all_mt_resource\explore\TaskPlace.xlsx
G:\update_mt_tmp\192_url\all_mt_resource\explore\TaskPointCDConfig.xlsx
G:\update_mt_tmp\192_url\all_mt_resource\explore\TaskRewardConfig.xlsx
G:\update_mt_tmp\192_url\all_mt_resource\explore\TaskStarConfig.xlsx
G:\update_mt_tmp\192_url\all_mt_resource\explore\TaskSuccessConfig.xlsx
G:\update_mt_tmp\192_url\all_mt_resource\explore\TaskSuccessItemConfig.xlsx
G:\update_mt_tmp\192_url\all_mt_resource\explore\TaskSuccessRateConfig.xlsx
G:\update_mt_tmp\192_url\all_mt_resource\fakegroupbuy\GroupSetting.xlsx
G:\update_mt_tmp\192_url\all_mt_resource\fight\AurasSetting.xlsx
G:\update_mt_tmp\192_url\all_mt_resource\fight\BuffConfig.xlsx
G:\update_mt_tmp\192_url\all_mt_resource\fight\BuffEffect.xlsx
G:\update_mt_tmp\192_url\all_mt_resource\fight\CombSetting.xlsx
G:\update_mt_tmp\192_url\all_mt_resource\fight\ConditionConfig.xlsx
G:\update_mt_tmp\192_url\all_mt_resource\fight\EnemyFighter.xlsx
G:\update_mt_tmp\192_url\all_mt_resource\fight\EnemyFighterClient.xlsx
G:\update_mt_tmp\192_url\all_mt_resource\fight\EnemyUnit.xlsx
G:\update_mt_tmp\192_url\all_mt_resource\fight\EnemyUnitClient.xlsx
G:\update_mt_tmp\192_url\all_mt_resource\fight\PassiveConfig.xlsx
G:\update_mt_tmp\192_url\all_mt_resource\fight\RestraintSetting.xlsx
G:\update_mt_tmp\192_url\all_mt_resource\fight\SkillConfig.xlsx
G:\update_mt_tmp\192_url\all_mt_resource\fight\SkillEffectConfig.xlsx
G:\update_mt_tmp\192_url\all_mt_resource\fight\TargetConfig.xlsx
G:\update_mt_tmp\192_url\all_mt_resource\fight\TargetPassiveSetting.xlsx
G:\update_mt_tmp\192_url\all_mt_resource\foolsday\FlopCostSetting.xlsx
G:\update_mt_tmp\192_url\all_mt_resource\foolsday\FlopResetSetting.xlsx
G:\update_mt_tmp\192_url\all_mt_resource\foolsday\FlopRewardSetting.xlsx
G:\update_mt_tmp\192_url\all_mt_resource\foolsday\FoolsdayShow.xlsx
G:\update_mt_tmp\192_url\all_mt_resource\football\BallReward.xlsx
G:\update_mt_tmp\192_url\all_mt_resource\football\FootballPoints.xlsx
G:\update_mt_tmp\192_url\all_mt_resource\football\PointPosition.xlsx
G:\update_mt_tmp\192_url\all_mt_resource\gemroom\GemRewardCost.xlsx
G:\update_mt_tmp\192_url\all_mt_resource\gemroom\RefreshGem.xlsx
G:\update_mt_tmp\192_url\all_mt_resource\gift\ActivityConfig.xlsx
G:\update_mt_tmp\192_url\all_mt_resource\gift\ActivityGiftConfig.xlsx
G:\update_mt_tmp\192_url\all_mt_resource\gift\ArtifactUpgradeActivity.xlsx
G:\update_mt_tmp\192_url\all_mt_resource\gift\ChargeTurnSetting.xlsx
G:\update_mt_tmp\192_url\all_mt_resource\gift\GlobalGiftConfig.xlsx
G:\update_mt_tmp\192_url\all_mt_resource\gift\HeroRankUpActivity.xlsx
G:\update_mt_tmp\192_url\all_mt_resource\gift\MergeGiftConfig.xlsx
G:\update_mt_tmp\192_url\all_mt_resource\godreward\GodFeatSetting.xlsx
G:\update_mt_tmp\192_url\all_mt_resource\godreward\GodTaskLevelSetting.xlsx
G:\update_mt_tmp\192_url\all_mt_resource\godreward\GodTaskSetting.xlsx
G:\update_mt_tmp\192_url\all_mt_resource\groupbuy\GroupbuyRewardSetting.xlsx
G:\update_mt_tmp\192_url\all_mt_resource\hero\BaseHero.xlsx
G:\update_mt_tmp\192_url\all_mt_resource\hero\HeroLevelConfig.xlsx
G:\update_mt_tmp\192_url\all_mt_resource\hero\IdSkillReplace.xlsx
G:\update_mt_tmp\192_url\all_mt_resource\hero\RedCardExchange.xlsx
G:\update_mt_tmp\192_url\all_mt_resource\hero\RoleSkin.xlsx
G:\update_mt_tmp\192_url\all_mt_resource\invite\InvitedRewardConfig.xlsx
G:\update_mt_tmp\192_url\all_mt_resource\invite\InviteRewardConfig.xlsx
G:\update_mt_tmp\192_url\all_mt_resource\item\BoxConfig.xlsx
G:\update_mt_tmp\192_url\all_mt_resource\item\ComposeConfig.xlsx
G:\update_mt_tmp\192_url\all_mt_resource\item\ItemConfig.xlsx
G:\update_mt_tmp\192_url\all_mt_resource\item\KeyConfig.xlsx
G:\update_mt_tmp\192_url\all_mt_resource\item\SwapCardSetting.xlsx
G:\update_mt_tmp\192_url\all_mt_resource\juhuasuan\JuGoods.xlsx
G:\update_mt_tmp\192_url\all_mt_resource\mall\Mall.xlsx
G:\update_mt_tmp\192_url\all_mt_resource\menpai\CountrySetting.xlsx
G:\update_mt_tmp\192_url\all_mt_resource\menpai\DemogConfig.xlsx
G:\update_mt_tmp\192_url\all_mt_resource\menpai\GoodsSetting.xlsx
G:\update_mt_tmp\192_url\all_mt_resource\menpai\JobAuthSetting.xlsx
G:\update_mt_tmp\192_url\all_mt_resource\menpai\MenpaiLevelConfig.xlsx
G:\update_mt_tmp\192_url\all_mt_resource\monopoly\GoodsType.xlsx
G:\update_mt_tmp\192_url\all_mt_resource\monopoly\MonopolyGoods.xlsx
G:\update_mt_tmp\192_url\all_mt_resource\monopoly\MonopolyShow.xlsx
G:\update_mt_tmp\192_url\all_mt_resource\monopoly\MonopolyTask.xlsx
G:\update_mt_tmp\192_url\all_mt_resource\monopoly\PositionValueType.xlsx
G:\update_mt_tmp\192_url\all_mt_resource\monopoly\RewardPostId.xlsx
G:\update_mt_tmp\192_url\all_mt_resource\monopoly\RingBox.xlsx
G:\update_mt_tmp\192_url\all_mt_resource\monopoly\RingSetting.xlsx
G:\update_mt_tmp\192_url\all_mt_resource\moon\MoonExSetting.xlsx
G:\update_mt_tmp\192_url\all_mt_resource\moon\MoonGetSetting.xlsx
G:\update_mt_tmp\192_url\all_mt_resource\newmonopoly\MoBuffIcon.xlsx
G:\update_mt_tmp\192_url\all_mt_resource\newmonopoly\MoGoodsItemSetting.xlsx
G:\update_mt_tmp\192_url\all_mt_resource\newmonopoly\MoGoodsTypeSetting.xlsx
G:\update_mt_tmp\192_url\all_mt_resource\newmonopoly\MoRingsSetting.xlsx
G:\update_mt_tmp\192_url\all_mt_resource\newmonopoly\MoRouteSetting.xlsx
G:\update_mt_tmp\192_url\all_mt_resource\newmonopoly\MoShow.xlsx
G:\update_mt_tmp\192_url\all_mt_resource\newmonopoly\MoTaskSetting.xlsx
G:\update_mt_tmp\192_url\all_mt_resource\newmonopoly\PositionBuffSetting.xlsx
G:\update_mt_tmp\192_url\all_mt_resource\newmonopoly\PositionPointSetting.xlsx
G:\update_mt_tmp\192_url\all_mt_resource\newmonopoly\RingsBoxRewardSetting.xlsx
G:\update_mt_tmp\192_url\all_mt_resource\platform\IShareSetting.xlsx
G:\update_mt_tmp\192_url\all_mt_resource\platform\WechatRoulette.xlsx
G:\update_mt_tmp\192_url\all_mt_resource\player\ConsumeRankReward.xlsx
G:\update_mt_tmp\192_url\all_mt_resource\player\DailyCheckConfig.xlsx
G:\update_mt_tmp\192_url\all_mt_resource\player\EquipLottery.xlsx
G:\update_mt_tmp\192_url\all_mt_resource\player\FirstDailyCheckConfig.xlsx
G:\update_mt_tmp\192_url\all_mt_resource\player\LevelConfig.xlsx
G:\update_mt_tmp\192_url\all_mt_resource\player\LotteryConfig.xlsx
G:\update_mt_tmp\192_url\all_mt_resource\player\OpenBetaGoodsConfig.xlsx
G:\update_mt_tmp\192_url\all_mt_resource\player\RouletteLotteryConfig.xlsx
G:\update_mt_tmp\192_url\all_mt_resource\player\RPActivityLottery.xlsx
G:\update_mt_tmp\192_url\all_mt_resource\player\TokenCoinConfig.xlsx
G:\update_mt_tmp\192_url\all_mt_resource\preciousroom\PrAutoRef.xlsx
G:\update_mt_tmp\192_url\all_mt_resource\preciousroom\PrCostRef.xlsx
G:\update_mt_tmp\192_url\all_mt_resource\preciousroom\PreciousShow.xlsx
G:\update_mt_tmp\192_url\all_mt_resource\preciousroom\PrRefCost.xlsx
G:\update_mt_tmp\192_url\all_mt_resource\preciousroom\PrRewardCost.xlsx
G:\update_mt_tmp\192_url\all_mt_resource\push\PushConfig.xlsx
G:\update_mt_tmp\192_url\all_mt_resource\pvp\DefyRewardConfig.xlsx
G:\update_mt_tmp\192_url\all_mt_resource\pvp\MatchViewConfig.xlsx
G:\update_mt_tmp\192_url\all_mt_resource\pvp\PVPBuff.xlsx
G:\update_mt_tmp\192_url\all_mt_resource\pvp\RankRewardConfig.xlsx
G:\update_mt_tmp\192_url\all_mt_resource\pvp\VirtualPvpPlayer.xlsx
G:\update_mt_tmp\192_url\all_mt_resource\qingming\QingmingPond.xlsx
G:\update_mt_tmp\192_url\all_mt_resource\qingming\QingmingRank.xlsx
G:\update_mt_tmp\192_url\all_mt_resource\qingming\QingmingReward.xlsx
G:\update_mt_tmp\192_url\all_mt_resource\raffle\PositionReward.xlsx
G:\update_mt_tmp\192_url\all_mt_resource\raffle\PositionWeight.xlsx
G:\update_mt_tmp\192_url\all_mt_resource\raffle\RaffleCost.xlsx
G:\update_mt_tmp\192_url\all_mt_resource\raffle\RaffleRewards.xlsx
G:\update_mt_tmp\192_url\all_mt_resource\raffle\RaffleShow.xlsx
G:\update_mt_tmp\192_url\all_mt_resource\raffle\ResetPosition.xlsx
G:\update_mt_tmp\192_url\all_mt_resource\raffle\ResetSetting.xlsx
G:\update_mt_tmp\192_url\all_mt_resource\rebirth\RebirthActivePath.xlsx
G:\update_mt_tmp\192_url\all_mt_resource\rebirth\RebirthPointConfig.xlsx
G:\update_mt_tmp\192_url\all_mt_resource\recycle\RecyclePool.xlsx
G:\update_mt_tmp\192_url\all_mt_resource\recycle\RecycleSetting.xlsx
G:\update_mt_tmp\192_url\all_mt_resource\reward\RealRewardLimit.xlsx
G:\update_mt_tmp\192_url\all_mt_resource\reward\RewardConfig.xlsx
G:\update_mt_tmp\192_url\all_mt_resource\reward\RewardGlobalLimit.xlsx
G:\update_mt_tmp\192_url\all_mt_resource\reward\SeedConfig.xlsx
G:\update_mt_tmp\192_url\all_mt_resource\secretshop\AutoRefSecret.xlsx
G:\update_mt_tmp\192_url\all_mt_resource\secretshop\CostRefSecret.xlsx
G:\update_mt_tmp\192_url\all_mt_resource\secretshop\RewardCost.xlsx
G:\update_mt_tmp\192_url\all_mt_resource\secretshop\SecretRefCost.xlsx
G:\update_mt_tmp\192_url\all_mt_resource\SkillEffect\BattleShowConfig.xlsx
G:\update_mt_tmp\192_url\all_mt_resource\SkillEffect\BuffConduct.xlsx
G:\update_mt_tmp\192_url\all_mt_resource\SkillEffect\Conduct.xlsx
G:\update_mt_tmp\192_url\all_mt_resource\SkillEffect\EffectConfig.xlsx
G:\update_mt_tmp\192_url\all_mt_resource\SkillEffect\EffectDesc.xlsx
G:\update_mt_tmp\192_url\all_mt_resource\SkillEffect\PassiveConduct.xlsx
G:\update_mt_tmp\192_url\all_mt_resource\slot\PositionTimesReward.xlsx
G:\update_mt_tmp\192_url\all_mt_resource\slot\SlotReward.xlsx
G:\update_mt_tmp\192_url\all_mt_resource\slot\TimesPositionWeight.xlsx
G:\update_mt_tmp\192_url\all_mt_resource\supergift\SuperGoods.xlsx
G:\update_mt_tmp\192_url\all_mt_resource\sweethouse\AutoRefHouseSetting.xlsx
G:\update_mt_tmp\192_url\all_mt_resource\sweethouse\CostRefHouseSetting.xlsx
G:\update_mt_tmp\192_url\all_mt_resource\sweethouse\SweetHouseItemSetting.xlsx
G:\update_mt_tmp\192_url\all_mt_resource\sweethouse\SweetObtainSetting.xlsx
G:\update_mt_tmp\192_url\all_mt_resource\talisman\BuyPackCostSetting.xlsx
G:\update_mt_tmp\192_url\all_mt_resource\talisman\EquipLockSetting.xlsx
G:\update_mt_tmp\192_url\all_mt_resource\talisman\FragmentExSetting.xlsx
G:\update_mt_tmp\192_url\all_mt_resource\talisman\TalismanActivity.xlsx
G:\update_mt_tmp\192_url\all_mt_resource\talisman\TalismanActivityGoal.xlsx
G:\update_mt_tmp\192_url\all_mt_resource\talisman\TalismanLevelSetting.xlsx
G:\update_mt_tmp\192_url\all_mt_resource\talisman\TalismanSetting.xlsx
G:\update_mt_tmp\192_url\all_mt_resource\talisman\TaSearchRankConfig.xlsx
G:\update_mt_tmp\192_url\all_mt_resource\talisman\TaSearchRankTreasure.xlsx
G:\update_mt_tmp\192_url\all_mt_resource\target\ConsumeIntegralExchange.xlsx
G:\update_mt_tmp\192_url\all_mt_resource\task\BuyReTimesCost.xlsx
G:\update_mt_tmp\192_url\all_mt_resource\task\ComTimesCost.xlsx
G:\update_mt_tmp\192_url\all_mt_resource\task\PickUpLevelSetting.xlsx
G:\update_mt_tmp\192_url\all_mt_resource\task\TaskSetting.xlsx
G:\update_mt_tmp\192_url\all_mt_resource\test\HeroEnemy.xlsx
G:\update_mt_tmp\192_url\all_mt_resource\test\HeroFighter.xlsx
G:\update_mt_tmp\192_url\all_mt_resource\timerecord\TimeType.xlsx
G:\update_mt_tmp\192_url\all_mt_resource\tips\TipsConfig.xlsx
G:\update_mt_tmp\192_url\all_mt_resource\tips\TipsEvent.xlsx
G:\update_mt_tmp\192_url\all_mt_resource\treasure\RankConfig.xlsx
G:\update_mt_tmp\192_url\all_mt_resource\treasure\RankTreasure.xlsx
G:\update_mt_tmp\192_url\all_mt_resource\treasureroom\AutoRefSetting.xlsx
G:\update_mt_tmp\192_url\all_mt_resource\treasureroom\CostRefSetting.xlsx
G:\update_mt_tmp\192_url\all_mt_resource\treasureroom\CostSetting.xlsx
G:\update_mt_tmp\192_url\all_mt_resource\treasureroom\FixedRefSetting.xlsx
G:\update_mt_tmp\192_url\all_mt_resource\treasureroom\RewCostSetting.xlsx
G:\update_mt_tmp\192_url\all_mt_resource\treasureroom\TreasureShow.xlsx
G:\update_mt_tmp\192_url\all_mt_resource\turkey\TurkeyGetSetting.xlsx
G:\update_mt_tmp\192_url\all_mt_resource\turkey\TurkeyMaterial.xlsx
G:\update_mt_tmp\192_url\all_mt_resource\turkey\TurkeyMustOut.xlsx
复制了 276 个文件
svn:  警告: W150002: “F:\mtservion\mt_all\all_mt_resource\25PP更新日志.txt”已纳入版本控制
svn:  警告: W150002: “F:\mtservion\mt_all\all_mt_resource\activitycharge”已纳入版本控制
svn:  警告: W150002: “F:\mtservion\mt_all\all_mt_resource\arena”已纳入版本控制
svn:  警告: W150002: “F:\mtservion\mt_all\all_mt_resource\artifact”已纳入版本控制
svn:  警告: W150002: “F:\mtservion\mt_all\all_mt_resource\automail”已纳入版本控制
svn:  警告: W150002: “F:\mtservion\mt_all\all_mt_resource\backflow”已纳入版本控制
svn:  警告: W150002: “F:\mtservion\mt_all\all_mt_resource\battle”已纳入版本控制
svn:  警告: W150002: “F:\mtservion\mt_all\all_mt_resource\blessing”已纳入版本控制
svn:  警告: W150002: “F:\mtservion\mt_all\all_mt_resource\box”已纳入版本控制
svn:  警告: W150002: “F:\mtservion\mt_all\all_mt_resource\charge”已纳入版本控制
svn:  警告: W150002: “F:\mtservion\mt_all\all_mt_resource\chargerank”已纳入版本控制
svn:  警告: W150002: “F:\mtservion\mt_all\all_mt_resource\chargereturn”已纳入版本控制
svn:  警告: W150002: “F:\mtservion\mt_all\all_mt_resource\chat”已纳入版本控制
svn:  警告: W150002: “F:\mtservion\mt_all\all_mt_resource\cheapbuy”已纳入版本控制
svn:  警告: W150002: “F:\mtservion\mt_all\all_mt_resource\common”已纳入版本控制
svn:  警告: W150002: “F:\mtservion\mt_all\all_mt_resource\consumerank”已纳入版本控制
svn:  警告: W150002: “F:\mtservion\mt_all\all_mt_resource\cultivate”已纳入版本控制
svn:  警告: W150002: “F:\mtservion\mt_all\all_mt_resource\cultivateshop”已纳入版本控制
svn:  警告: W150002: “F:\mtservion\mt_all\all_mt_resource\demog”已纳入版本控制
svn:  警告: W150002: “F:\mtservion\mt_all\all_mt_resource\deposit”已纳入版本控制
svn:  警告: W150002: “F:\mtservion\mt_all\all_mt_resource\drama”已纳入版本控制
svn:  警告: W150002: “F:\mtservion\mt_all\all_mt_resource\dumpling”已纳入版本控制
svn:  警告: W150002: “F:\mtservion\mt_all\all_mt_resource\egg”已纳入版本控制
svn:  警告: W150002: “F:\mtservion\mt_all\all_mt_resource\elite”已纳入版本控制
svn:  警告: W150002: “F:\mtservion\mt_all\all_mt_resource\email”已纳入版本控制
svn:  警告: W150002: “F:\mtservion\mt_all\all_mt_resource\emblem”已纳入版本控制
svn:  警告: W150002: “F:\mtservion\mt_all\all_mt_resource\equip”已纳入版本控制
svn:  警告: W150002: “F:\mtservion\mt_all\all_mt_resource\equipgift”已纳入版本控制
svn:  警告: W150002: “F:\mtservion\mt_all\all_mt_resource\exchange”已纳入版本控制
svn:  警告: W150002: “F:\mtservion\mt_all\all_mt_resource\exchangeshop”已纳入版本控制
svn:  警告: W150002: “F:\mtservion\mt_all\all_mt_resource\explore”已纳入版本控制
svn:  警告: W150002: “F:\mtservion\mt_all\all_mt_resource\fakegroupbuy”已纳入版本控制
svn:  警告: W150002: “F:\mtservion\mt_all\all_mt_resource\fight”已纳入版本控制
svn:  警告: W150002: “F:\mtservion\mt_all\all_mt_resource\foolsday”已纳入版本控制
svn:  警告: W150002: “F:\mtservion\mt_all\all_mt_resource\football”已纳入版本控制
svn:  警告: W150002: “F:\mtservion\mt_all\all_mt_resource\gemroom”已纳入版本控制
svn:  警告: W150002: “F:\mtservion\mt_all\all_mt_resource\gift”已纳入版本控制
svn:  警告: W150002: “F:\mtservion\mt_all\all_mt_resource\godreward”已纳入版本控制
svn:  警告: W150002: “F:\mtservion\mt_all\all_mt_resource\groupbuy”已纳入版本控制
svn:  警告: W150002: “F:\mtservion\mt_all\all_mt_resource\hero”已纳入版本控制
svn:  警告: W150002: “F:\mtservion\mt_all\all_mt_resource\invite”已纳入版本控制
svn:  警告: W150002: “F:\mtservion\mt_all\all_mt_resource\item”已纳入版本控制
svn:  警告: W150002: “F:\mtservion\mt_all\all_mt_resource\juhuasuan”已纳入版本控制
svn:  警告: W150002: “F:\mtservion\mt_all\all_mt_resource\mall”已纳入版本控制
svn:  警告: W150002: “F:\mtservion\mt_all\all_mt_resource\menpai”已纳入版本控制
svn:  警告: W150002: “F:\mtservion\mt_all\all_mt_resource\monopoly”已纳入版本控制
svn:  警告: W150002: “F:\mtservion\mt_all\all_mt_resource\moon”已纳入版本控制
svn:  警告: W150002: “F:\mtservion\mt_all\all_mt_resource\newmonopoly”已纳入版本控制
svn:  警告: W150002: “F:\mtservion\mt_all\all_mt_resource\platform”已纳入版本控制
svn:  警告: W150002: “F:\mtservion\mt_all\all_mt_resource\player”已纳入版本控制
svn:  警告: W150002: “F:\mtservion\mt_all\all_mt_resource\preciousroom”已纳入版本控制
svn:  警告: W150002: “F:\mtservion\mt_all\all_mt_resource\push”已纳入版本控制
svn:  警告: W150002: “F:\mtservion\mt_all\all_mt_resource\pvp”已纳入版本控制
svn:  警告: W150002: “F:\mtservion\mt_all\all_mt_resource\qingming”已纳入版本控制
svn:  警告: W150002: “F:\mtservion\mt_all\all_mt_resource\raffle”已纳入版本控制
svn:  警告: W150002: “F:\mtservion\mt_all\all_mt_resource\rebirth”已纳入版本控制
svn:  警告: W150002: “F:\mtservion\mt_all\all_mt_resource\recycle”已纳入版本控制
svn:  警告: W150002: “F:\mtservion\mt_all\all_mt_resource\reward”已纳入版本控制
svn:  警告: W150002: “F:\mtservion\mt_all\all_mt_resource\secretshop”已纳入版本控制
svn:  警告: W150002: “F:\mtservion\mt_all\all_mt_resource\SkillEffect”已纳入版本控制
svn:  警告: W150002: “F:\mtservion\mt_all\all_mt_resource\slot”已纳入版本控制
svn:  警告: W150002: “F:\mtservion\mt_all\all_mt_resource\supergift”已纳入版本控制
svn:  警告: W150002: “F:\mtservion\mt_all\all_mt_resource\sweethouse”已纳入版本控制
svn:  警告: W150002: “F:\mtservion\mt_all\all_mt_resource\talisman”已纳入版本控制
svn:  警告: W150002: “F:\mtservion\mt_all\all_mt_resource\target”已纳入版本控制
svn:  警告: W150002: “F:\mtservion\mt_all\all_mt_resource\task”已纳入版本控制
svn:  警告: W150002: “F:\mtservion\mt_all\all_mt_resource\test”已纳入版本控制
svn:  警告: W150002: “F:\mtservion\mt_all\all_mt_resource\timerecord”已纳入版本控制
svn:  警告: W150002: “F:\mtservion\mt_all\all_mt_resource\tips”已纳入版本控制
svn:  警告: W150002: “F:\mtservion\mt_all\all_mt_resource\treasure”已纳入版本控制
svn:  警告: W150002: “F:\mtservion\mt_all\all_mt_resource\treasureroom”已纳入版本控制
svn:  警告: W150002: “F:\mtservion\mt_all\all_mt_resource\turkey”已纳入版本控制
svn: E200009: 因为一些目标已经版本化，所以不能增加全部目标
svn: E200009: 此请求操作的目标非法
正在发送       F:\mtservion\mt_all\all_mt_resource\battle\ActiveBattleConfig.xlsx
正在发送       F:\mtservion\mt_all\all_mt_resource\cheapbuy\CheapBuySetting.xlsx
正在发送       F:\mtservion\mt_all\all_mt_resource\egg\SmashReward.xlsx
正在发送       F:\mtservion\mt_all\all_mt_resource\fakegroupbuy\GroupSetting.xlsx
正在发送       F:\mtservion\mt_all\all_mt_resource\gift\ActivityConfig.xlsx
正在发送       F:\mtservion\mt_all\all_mt_resource\gift\ActivityGiftConfig.xlsx
正在发送       F:\mtservion\mt_all\all_mt_resource\gift\GlobalGiftConfig.xlsx
正在发送       F:\mtservion\mt_all\all_mt_resource\hero\BaseHero.xlsx
正在发送       F:\mtservion\mt_all\all_mt_resource\juhuasuan\JuGoods.xlsx
正在发送       F:\mtservion\mt_all\all_mt_resource\mall\Mall.xlsx
正在发送       F:\mtservion\mt_all\all_mt_resource\player\TokenCoinConfig.xlsx
正在发送       F:\mtservion\mt_all\all_mt_resource\reward\RewardConfig.xlsx
传输文件数据............
提交后的版本为 12585。
